============================= test session starts ==============================
platform linux -- Python 3.12.3, pytest-8.4.1, pluggy-1.6.0 -- /home/jenner/code/treesitter-chunker/.fullenv/bin/python3.12
cachedir: .pytest_cache
rootdir: /home/jenner/code/treesitter-chunker
configfile: pyproject.toml
testpaths: tests
collecting ... collected 2091 items

tests/integration/context/test_chunker_with_context.py::TestChunkerWithContext::test_chunk_with_context_preservation FAILED [  0%]
tests/integration/context/test_chunker_with_context.py::TestChunkerWithContext::test_context_for_function_using_classes FAILED [  0%]
tests/integration/context/test_chunker_with_context.py::TestChunkerWithContext::test_javascript_react_component_context FAILED [  0%]
tests/integration/context/test_chunker_with_context.py::TestChunkerWithContext::test_context_size_limitation FAILED [  0%]
tests/integration/context/test_full_context_extraction.py::TestPythonContextExtraction::test_extract_full_context_for_method FAILED [  0%]
tests/integration/context/test_full_context_extraction.py::TestPythonContextExtraction::test_context_for_nested_function FAILED [  0%]
tests/integration/context/test_full_context_extraction.py::TestPythonContextExtraction::test_symbol_resolution FAILED [  0%]
tests/integration/context/test_full_context_extraction.py::TestJavaScriptContextExtraction::test_extract_full_context_for_class_method FAILED [  0%]
tests/integration/context/test_full_context_extraction.py::TestJavaScriptContextExtraction::test_context_for_react_component FAILED [  0%]
tests/integration/context/test_full_context_extraction.py::TestJavaScriptContextExtraction::test_scope_analysis_with_closures FAILED [  0%]
tests/integration/grammar/test_grammar_integration.py::TestGrammarIntegration::test_full_grammar_workflow FAILED [  0%]
tests/integration/grammar/test_grammar_integration.py::TestGrammarIntegration::test_repository_search_workflow PASSED [  0%]
tests/integration/grammar/test_grammar_integration.py::TestGrammarIntegration::test_file_extension_discovery PASSED [  0%]
tests/integration/grammar/test_grammar_integration.py::TestGrammarIntegration::test_popular_grammars PASSED [  0%]
tests/integration/grammar/test_grammar_integration.py::TestGrammarIntegration::test_builder_integration PASSED [  0%]
tests/integration/grammar/test_grammar_integration.py::TestGrammarIntegration::test_grammar_removal PASSED [  0%]
tests/integration/phase9/test_phase9_metadata_rules.py::TestMetadataRulesIntegration::test_metadata_extraction_with_todo_rules FAILED [  0%]
tests/integration/phase9/test_phase9_metadata_rules.py::TestMetadataRulesIntegration::test_custom_rule_with_metadata_filtering FAILED [  0%]
tests/integration/phase9/test_phase9_metadata_rules.py::TestMetadataRulesIntegration::test_complexity_metadata_with_rules FAILED [  0%]
tests/integration/phase9/test_phase9_metadata_rules.py::TestMetadataRulesIntegration::test_docstring_extraction_with_rules FAILED [  0%]
tests/integration/phase9/test_phase9_metadata_rules.py::TestMetadataRulesIntegration::test_import_analysis_with_rules FAILED [  1%]
tests/integration/phase9/test_phase9_metadata_rules.py::TestMetadataRulesIntegration::test_combined_metadata_and_rule_application FAILED [  1%]
tests/integration/phase9/test_phase9_token_hierarchy_simple.py::TestTokenHierarchyIntegrationSimple::test_token_counts_in_chunks FAILED [  1%]
tests/integration/phase9/test_phase9_token_hierarchy_simple.py::TestTokenHierarchyIntegrationSimple::test_token_hierarchy_building FAILED [  1%]
tests/integration/phase9/test_phase9_token_hierarchy_simple.py::TestTokenHierarchyIntegrationSimple::test_token_aware_chunking FAILED [  1%]
tests/integration/phase9/test_phase9_token_hierarchy_simple.py::TestTokenHierarchyIntegrationSimple::test_hierarchy_with_parent_child_tokens FAILED [  1%]
tests/integration/phase9/test_token_hierarchy_standalone.py::TestTokenHierarchyStandalone::test_basic_token_counting FAILED [  1%]
tests/integration/phase9/test_token_hierarchy_standalone.py::TestTokenHierarchyStandalone::test_hierarchy_building FAILED [  1%]
tests/integration/test_coordinator.py::TestIntegrationCoordinator::test_register_scenario PASSED [  1%]
tests/integration/test_coordinator.py::TestIntegrationCoordinator::test_register_scenarios_from_config PASSED [  1%]
tests/integration/test_coordinator.py::TestIntegrationCoordinator::test_verify_worktree_setup PASSED [  1%]
tests/integration/test_coordinator.py::TestIntegrationCoordinator::test_setup_worktree PASSED [  1%]
tests/integration/test_coordinator.py::TestIntegrationCoordinator::test_setup_worktree_failure PASSED [  1%]
tests/integration/test_coordinator.py::TestIntegrationCoordinator::test_run_scenario PASSED [  1%]
tests/integration/test_coordinator.py::TestIntegrationCoordinator::test_check_dependencies PASSED [  1%]
tests/integration/test_coordinator.py::TestIntegrationCoordinator::test_topological_sort PASSED [  1%]
tests/integration/test_coordinator.py::TestIntegrationCoordinator::test_circular_dependency_detection PASSED [  1%]
tests/integration/test_coordinator.py::TestIntegrationCoordinator::test_generate_report PASSED [  1%]
tests/integration/test_coordinator.py::TestIntegrationCoordinator::test_save_report PASSED [  1%]
tests/integration/test_fixtures.py::TestBasicFixtures::test_temp_workspace PASSED [  1%]
tests/integration/test_fixtures.py::TestBasicFixtures::test_sample_code_files PASSED [  1%]
tests/integration/test_fixtures.py::TestErrorTrackingFixtures::test_error_tracking_context_basic PASSED [  2%]
tests/integration/test_fixtures.py::TestErrorTrackingFixtures::test_error_tracking_with_handlers PASSED [  2%]
tests/integration/test_fixtures.py::TestErrorTrackingFixtures::test_error_tracking_uncaught_exception PASSED [  2%]
tests/integration/test_fixtures.py::TestConfigurationFixtures::test_config_change_tracker PASSED [  2%]
tests/integration/test_fixtures.py::TestResourceFixtures::test_resource_monitor PASSED [  2%]
tests/integration/test_fixtures.py::TestParallelFixtures::test_parallel_test_environment PASSED [  2%]
tests/integration/test_fixtures.py::TestParallelFixtures::test_parallel_worker_processes PASSED [  2%]
tests/integration/test_fixtures.py::TestParallelFixtures::test_parallel_worker_threads PASSED [  2%]
tests/integration/test_fixtures.py::TestMockingFixtures::test_mock_parser_factory PASSED [  2%]
tests/integration/test_fixtures.py::TestMockingFixtures::test_mock_parser_nth_failure PASSED [  2%]
tests/integration/test_fixtures.py::TestMockingFixtures::test_mock_parser_timeout PASSED [  2%]
tests/integration/test_fixtures.py::TestFileGeneratorFixtures::test_test_file_generator PASSED [  2%]
tests/integration/test_fixtures.py::TestFileGeneratorFixtures::test_large_file_generation PASSED [  2%]
tests/integration/test_fixtures.py::TestFileGeneratorFixtures::test_error_file_generation PASSED [  2%]
tests/integration/test_fixtures.py::TestAsyncFixtures::test_async_test_runner PASSED [  2%]
tests/integration/test_fixtures.py::TestAsyncFixtures::test_async_parallel_execution PASSED [  2%]
tests/integration/test_fixtures.py::TestAsyncFixtures::test_async_timeout PASSED [  2%]
tests/integration/test_fixtures.py::TestConcurrencyFixtures::test_thread_safe_counter PASSED [  2%]
tests/integration/test_fixtures.py::TestConcurrencyFixtures::test_performance_monitor PASSED [  2%]
tests/integration/test_interfaces.py::TestErrorPropagationMixin::test_capture_cross_module_error PASSED [  2%]
tests/integration/test_interfaces.py::TestErrorPropagationMixin::test_verify_error_context PASSED [  2%]
tests/integration/test_interfaces.py::TestErrorPropagationMixin::test_thread_safety PASSED [  3%]
tests/integration/test_interfaces.py::TestConfigChangeObserver::test_basic_config_change PASSED [  3%]
tests/integration/test_interfaces.py::TestConfigChangeObserver::test_affected_modules_mapping PASSED [  3%]
tests/integration/test_interfaces.py::TestConfigChangeObserver::test_observer_pattern PASSED [  3%]
tests/integration/test_interfaces.py::TestConfigChangeObserver::test_change_log PASSED [  3%]
tests/integration/test_interfaces.py::TestConfigChangeObserver::test_concurrent_changes PASSED [  3%]
tests/integration/test_interfaces.py::TestResourceTracker::test_track_and_release_resource PASSED [  3%]
tests/integration/test_interfaces.py::TestResourceTracker::test_verify_cleanup PASSED [  3%]
tests/integration/test_interfaces.py::TestResourceTracker::test_resource_filtering PASSED [  3%]
tests/integration/test_interfaces.py::TestResourceTracker::test_allocation_order PASSED [  3%]
tests/integration/test_interfaces.py::TestResourceTracker::test_concurrent_resource_tracking PASSED [  3%]
tests/test_adaptive_chunker.py::TestAdaptiveChunker::test_can_handle PASSED [  3%]
tests/test_adaptive_chunker.py::TestAdaptiveChunker::test_adaptive_metrics_calculation PASSED [  3%]
tests/test_adaptive_chunker.py::TestAdaptiveChunker::test_adaptive_chunking FAILED [  3%]
tests/test_adaptive_chunker.py::TestAdaptiveChunker::test_ideal_chunk_size_calculation PASSED [  3%]
tests/test_adaptive_chunker.py::TestAdaptiveChunker::test_configuration_effects FAILED [  3%]
tests/test_adaptive_chunker.py::TestAdaptiveChunker::test_boundary_preservation FAILED [  3%]
tests/test_adaptive_chunker.py::TestAdaptiveChunker::test_size_balancing FAILED [  3%]
tests/test_adaptive_chunker.py::TestAdaptiveChunker::test_density_adaptation FAILED [  3%]
tests/test_adaptive_chunker.py::TestAdaptiveChunker::test_group_chunk_creation FAILED [  3%]
tests/test_api_endpoints_extended.py::test_export_postgres_endpoint FAILED [  3%]
tests/test_api_endpoints_extended.py::test_graph_xref_endpoint FAILED    [  4%]
tests/test_api_endpoints_extended.py::test_nearest_tests_endpoint PASSED [  4%]
tests/test_auto.py::TestZeroConfigAPI::test_ensure_language_already_installed PASSED [  4%]
tests/test_auto.py::TestZeroConfigAPI::test_ensure_language_not_installed_but_available PASSED [  4%]
tests/test_auto.py::TestZeroConfigAPI::test_ensure_language_not_available PASSED [  4%]
tests/test_auto.py::TestZeroConfigAPI::test_ensure_language_with_version PASSED [  4%]
tests/test_auto.py::TestZeroConfigAPI::test_detect_language_by_extension PASSED [  4%]
tests/test_auto.py::TestZeroConfigAPI::test_detect_language_by_shebang PASSED [  4%]
tests/test_auto.py::TestZeroConfigAPI::test_detect_language_special_files PASSED [  4%]
tests/test_auto.py::TestZeroConfigAPI::test_list_supported_extensions PASSED [  4%]
tests/test_auto.py::TestZeroConfigAPI::test_auto_chunk_file_with_tree_sitter PASSED [  4%]
tests/test_auto.py::TestZeroConfigAPI::test_auto_chunk_file_fallback PASSED [  4%]
tests/test_auto.py::TestZeroConfigAPI::test_auto_chunk_file_with_language_override PASSED [  4%]
tests/test_auto.py::TestZeroConfigAPI::test_chunk_text_success PASSED    [  4%]
tests/test_auto.py::TestZeroConfigAPI::test_chunk_text_empty PASSED      [  4%]
tests/test_auto.py::TestZeroConfigAPI::test_chunk_text_no_language PASSED [  4%]
tests/test_auto.py::TestZeroConfigAPI::test_get_chunker_for_language PASSED [  4%]
tests/test_auto.py::TestZeroConfigAPI::test_preload_languages PASSED     [  4%]
tests/test_build_implementation.py::TestBuildSystemImplementation::test_platform_detection_works PASSED [  4%]
tests/test_build_implementation.py::TestBuildSystemImplementation::test_grammar_compilation_handles_missing_grammars PASSED [  4%]
tests/test_build_implementation.py::TestBuildSystemImplementation::test_wheel_build_returns_proper_types PASSED [  4%]
tests/test_build_implementation.py::TestBuildSystemImplementation::test_verify_build_with_missing_file PASSED [  5%]
tests/test_build_implementation.py::TestBuildSystemImplementation::test_conda_package_handles_missing_tools PASSED [  5%]
tests/test_build_implementation.py::test_integration_with_mocked_build_system PASSED [  5%]
tests/test_build_real_compilation.py::TestRealCompilation::test_compile_single_grammar PASSED [  5%]
tests/test_build_real_compilation.py::TestRealCompilation::test_compile_multiple_grammars PASSED [  5%]
tests/test_build_real_compilation.py::TestRealCompilation::test_build_wheel_with_grammars PASSED [  5%]
tests/test_build_real_compilation.py::TestRealCompilation::test_platform_specific_compilation PASSED [  5%]
tests/test_build_system_integration.py::TestBuildSystemIntegration::test_cross_platform_build_verification PASSED [  5%]
tests/test_build_system_integration.py::TestBuildSystemIntegration::test_compile_grammars_integration PASSED [  5%]
tests/test_build_system_integration.py::TestBuildSystemIntegration::test_platform_detection_integration PASSED [  5%]
tests/test_build_system_integration.py::TestBuildSystemIntegration::test_build_wheel_creates_valid_path PASSED [  5%]
tests/test_build_system_integration.py::TestBuildSystemIntegration::test_conda_package_creation PASSED [  5%]
tests/test_build_system_integration.py::TestBuildSystemIntegration::test_verify_missing_artifact PASSED [  5%]
tests/test_build_system_integration.py::TestBuildSystemIntegration::test_install_build_dependencies PASSED [  5%]
tests/test_build_system_unit.py::TestPlatformSupport::test_detect_platform_returns_required_fields PASSED [  5%]
tests/test_build_system_unit.py::TestPlatformSupport::test_platform_tag_generation PASSED [  5%]
tests/test_build_system_unit.py::TestBuildSystem::test_compile_grammars_basic PASSED [  5%]
tests/test_build_system_unit.py::TestBuildSystem::test_verify_build_nonexistent_file PASSED [  5%]
tests/test_build_system_unit.py::TestBuildSystem::test_build_wheel_structure PASSED [  5%]
tests/test_c_language.py::TestCLanguageFeatures::test_c_plugin_properties SKIPPED [  5%]
tests/test_c_language.py::TestCLanguageFeatures::test_basic_function_chunking SKIPPED [  5%]
tests/test_c_language.py::TestCLanguageFeatures::test_struct_and_union_chunking SKIPPED [  6%]
tests/test_c_language.py::TestCLanguageFeatures::test_enum_chunking SKIPPED [  6%]
tests/test_c_language.py::TestCLanguageFeatures::test_typedef_chunking SKIPPED [  6%]
tests/test_c_language.py::TestCLanguageFeatures::test_function_pointers SKIPPED [  6%]
tests/test_c_language.py::TestCLanguageFeatures::test_preprocessor_directives SKIPPED [  6%]
tests/test_c_language.py::TestCLanguageFeatures::test_nested_structures SKIPPED [  6%]
tests/test_c_language.py::TestCLanguageFeatures::test_complex_declarations SKIPPED [  6%]
tests/test_c_language.py::TestCLanguageFeatures::test_header_file_parsing SKIPPED [  6%]
tests/test_c_language.py::TestCLanguageFeatures::test_context_preservation SKIPPED [  6%]
tests/test_c_language.py::TestCLanguageFeatures::test_inline_assembly SKIPPED [  6%]
tests/test_c_language.py::TestCLanguageFeatures::test_complex_macros SKIPPED [  6%]
tests/test_c_language.py::TestCLanguageFeatures::test_forward_declarations SKIPPED [  6%]
tests/test_c_language.py::TestCEdgeCases::test_k_and_r_style_functions SKIPPED [  6%]
tests/test_c_language.py::TestCEdgeCases::test_variadic_functions SKIPPED [  6%]
tests/test_c_language.py::TestCEdgeCases::test_anonymous_structures SKIPPED [  6%]
tests/test_c_language.py::TestCEdgeCases::test_gnu_extensions SKIPPED (C
parser not available due to ABI version mismatch)                        [  6%]
tests/test_cache.py::TestCacheBasics::test_cache_initialization PASSED   [  6%]
tests/test_cache.py::TestCacheBasics::test_cache_and_retrieve_chunks FAILED [  6%]
tests/test_cache.py::TestCacheBasics::test_cache_miss_on_file_change FAILED [  6%]
tests/test_cache.py::TestCacheBasics::test_cache_multiple_languages PASSED [  6%]
tests/test_cache.py::TestCacheInvalidation::test_invalidate_specific_file FAILED [  6%]
tests/test_cache.py::TestCacheInvalidation::test_invalidate_all_cache FAILED [  7%]
tests/test_cache.py::TestCacheConcurrency::test_concurrent_cache_reads FAILED [  7%]
tests/test_cache.py::TestCacheConcurrency::test_concurrent_cache_writes FAILED [  7%]
tests/test_cache.py::TestCacheConcurrency::test_concurrent_mixed_operations FAILED [  7%]
tests/test_cache.py::TestCacheCorruptionRecovery::test_recover_from_corrupted_database FAILED [  7%]
tests/test_cache.py::TestCacheCorruptionRecovery::test_recover_from_corrupted_pickle_data FAILED [  7%]
tests/test_cache.py::TestCacheCorruptionRecovery::test_handle_missing_file PASSED [  7%]
tests/test_cache.py::TestCachePerformance::test_cache_size_limits FAILED [  7%]
tests/test_cache.py::TestCachePerformance::test_large_file_caching FAILED [  7%]
tests/test_cache.py::TestCachePerformance::test_parallel_performance[1] FAILED [  7%]
tests/test_cache.py::TestCachePerformance::test_parallel_performance[2] FAILED [  7%]
tests/test_cache.py::TestCachePerformance::test_parallel_performance[4] FAILED [  7%]
tests/test_cache.py::TestCacheEviction::test_manual_eviction_by_age FAILED [  7%]
tests/test_cache.py::TestMemoryVsDiskCache::test_memory_cache_simulation FAILED [  7%]
tests/test_cache.py::TestMemoryVsDiskCache::test_hybrid_cache_pattern FAILED [  7%]
tests/test_cache.py::TestCacheIntegration::test_cache_with_git_operations FAILED [  7%]
tests/test_cache.py::TestCacheIntegration::test_cache_with_symbolic_links FAILED [  7%]
tests/test_cache.py::TestCacheErrorHandling::test_handle_permission_errors FAILED [  7%]
tests/test_cache.py::TestCacheErrorHandling::test_handle_disk_full FAILED [  7%]
tests/test_chunking.py::test_python_chunks FAILED                        [  7%]
tests/test_chunking.py::test_multiple_chunks FAILED                      [  7%]
tests/test_chunking.py::test_parser_availability FAILED                  [  8%]
tests/test_chunking.py::test_empty_file FAILED                           [  8%]
tests/test_cicd_pipeline.py::TestCICDPipelineImpl::test_validate_workflow_syntax_valid_workflow PASSED [  8%]
tests/test_cicd_pipeline.py::TestCICDPipelineImpl::test_validate_workflow_syntax_missing_required_fields PASSED [  8%]
tests/test_cicd_pipeline.py::TestCICDPipelineImpl::test_validate_workflow_syntax_invalid_yaml PASSED [  8%]
tests/test_cicd_pipeline.py::TestCICDPipelineImpl::test_validate_workflow_syntax_nonexistent_file PASSED [  8%]
tests/test_cicd_pipeline.py::TestCICDPipelineImpl::test_validate_workflow_syntax_job_validation PASSED [  8%]
tests/test_cicd_pipeline.py::TestCICDPipelineImpl::test_run_test_matrix_basic PASSED [  8%]
tests/test_cicd_pipeline.py::TestCICDPipelineImpl::test_run_test_matrix_windows_python38_failures PASSED [  8%]
tests/test_cicd_pipeline.py::TestCICDPipelineImpl::test_build_distribution_basic PASSED [  8%]
tests/test_cicd_pipeline.py::TestCICDPipelineImpl::test_build_distribution_creates_files PASSED [  8%]
tests/test_cicd_pipeline.py::TestCICDPipelineImpl::test_create_release_success PASSED [  8%]
tests/test_cicd_pipeline.py::TestCICDPipelineImpl::test_create_release_invalid_version PASSED [  8%]
tests/test_cicd_pipeline.py::TestCICDPipelineImpl::test_create_release_missing_artifacts PASSED [  8%]
tests/test_cicd_pipeline.py::TestCICDPipelineImpl::test_create_release_version_formatting PASSED [  8%]
tests/test_cli.py::TestConfigLoading::test_load_config_from_file PASSED  [  8%]
tests/test_cli.py::TestConfigLoading::test_load_config_nonexistent PASSED [  8%]
tests/test_cli.py::TestConfigLoading::test_load_config_invalid_toml PASSED [  8%]
tests/test_cli.py::TestFilePatterns::test_get_files_from_patterns PASSED [  8%]
tests/test_cli.py::TestFilePatterns::test_should_include_file PASSED     [  8%]
tests/test_cli.py::TestProcessFile::test_process_file_auto_detect_language FAILED [  8%]
tests/test_cli.py::TestProcessFile::test_process_file_with_filters PASSED [  9%]
tests/test_cli.py::TestCLICommands::test_chunk_command_basic FAILED      [  9%]
tests/test_cli.py::TestCLICommands::test_chunk_command_json_output FAILED [  9%]
tests/test_cli.py::TestCLICommands::test_batch_command_directory FAILED  [  9%]
tests/test_cli.py::TestCLICommands::test_batch_command_pattern FAILED    [  9%]
tests/test_cli.py::TestCLICommands::test_batch_command_stdin PASSED      [  9%]
tests/test_cli.py::TestCLICommands::test_batch_command_filters FAILED    [  9%]
tests/test_cli.py::TestCLICommands::test_languages_command PASSED        [  9%]
tests/test_cli.py::TestCLIWithConfig::test_chunk_with_config FAILED      [  9%]
tests/test_cli_integration_advanced.py::TestComplexCommands::test_command_chaining FAILED [  9%]
tests/test_cli_integration_advanced.py::TestComplexCommands::test_glob_pattern_expansion PASSED [  9%]
tests/test_cli_integration_advanced.py::TestComplexCommands::test_recursive_directory_processing FAILED [  9%]
tests/test_cli_integration_advanced.py::TestComplexCommands::test_mixed_language_batch_processing FAILED [  9%]
tests/test_cli_integration_advanced.py::TestInteractiveMode::test_interactive_prompt_handling SKIPPED [  9%]
tests/test_cli_integration_advanced.py::TestInteractiveMode::test_interactive_progress_display PASSED [  9%]
tests/test_cli_integration_advanced.py::TestInteractiveMode::test_interactive_error_recovery PASSED [  9%]
tests/test_cli_integration_advanced.py::TestInteractiveMode::test_interactive_cancellation PASSED [  9%]
tests/test_cli_integration_advanced.py::TestSignalHandling::test_sigint_handling PASSED [  9%]
tests/test_cli_integration_advanced.py::TestSignalHandling::test_sigterm_graceful_shutdown PASSED [  9%]
tests/test_cli_integration_advanced.py::TestSignalHandling::test_cleanup_on_unexpected_exit PASSED [  9%]
tests/test_cli_integration_advanced.py::TestSignalHandling::test_partial_results_on_interrupt PASSED [  9%]
tests/test_cli_integration_advanced.py::TestOutputFormats::test_custom_output_templates FAILED [ 10%]
tests/test_cli_integration_advanced.py::TestOutputFormats::test_output_redirection FAILED [ 10%]
tests/test_cli_integration_advanced.py::TestOutputFormats::test_quiet_and_verbose_modes PASSED [ 10%]
tests/test_cli_integration_advanced.py::TestOutputFormats::test_json_streaming_output FAILED [ 10%]
tests/test_cli_integration_advanced.py::TestErrorScenarios::test_invalid_option_combinations FAILED [ 10%]
tests/test_cli_integration_advanced.py::TestErrorScenarios::test_missing_dependencies_handling PASSED [ 10%]
tests/test_cli_integration_advanced.py::TestErrorScenarios::test_filesystem_permission_errors PASSED [ 10%]
tests/test_cli_integration_advanced.py::TestErrorScenarios::test_network_timeout_handling PASSED [ 10%]
tests/test_cli_integration_advanced.py::test_cli_version PASSED          [ 10%]
tests/test_cli_integration_advanced.py::test_cli_help PASSED             [ 10%]
tests/test_cli_integration_advanced.py::test_cli_config_file_loading FAILED [ 10%]
tests/test_clojure_language.py::TestClojureBasicChunking::test_simple_functions FAILED [ 10%]
tests/test_clojure_language.py::TestClojureBasicChunking::test_macros_and_special_forms FAILED [ 10%]
tests/test_clojure_language.py::TestClojureBasicChunking::test_protocols_and_types FAILED [ 10%]
tests/test_clojure_language.py::TestClojureBasicChunking::test_multimethods FAILED [ 10%]
tests/test_clojure_language.py::TestClojureContractCompliance::test_implements_contract PASSED [ 10%]
tests/test_clojure_language.py::TestClojureContractCompliance::test_get_semantic_chunks PASSED [ 10%]
tests/test_clojure_language.py::TestClojureContractCompliance::test_get_chunk_node_types PASSED [ 10%]
tests/test_clojure_language.py::TestClojureContractCompliance::test_should_chunk_node PASSED [ 10%]
tests/test_clojure_language.py::TestClojureContractCompliance::test_get_node_context PASSED [ 10%]
tests/test_clojure_language.py::TestClojureEdgeCases::test_empty_file FAILED [ 10%]
tests/test_clojure_language.py::TestClojureEdgeCases::test_comments_only FAILED [ 11%]
tests/test_clojure_language.py::TestClojureEdgeCases::test_let_and_letfn FAILED [ 11%]
tests/test_clojure_language.py::TestClojureEdgeCases::test_anonymous_functions FAILED [ 11%]
tests/test_clojure_language.py::TestClojureEdgeCases::test_metadata_and_reader_macros FAILED [ 11%]
tests/test_clojure_language.py::TestClojureEdgeCases::test_threading_macros FAILED [ 11%]
tests/test_codechunk_ids_backcompat.py::test_chunk_id_aliases_node_id_and_exporter_prefers_node_id PASSED [ 11%]
tests/test_composite_chunker.py::TestCompositeChunker::test_can_handle PASSED [ 11%]
tests/test_composite_chunker.py::TestCompositeChunker::test_fusion_methods FAILED [ 11%]
tests/test_composite_chunker.py::TestCompositeChunker::test_consensus_filtering FAILED [ 11%]
tests/test_composite_chunker.py::TestCompositeChunker::test_overlap_handling FAILED [ 11%]
tests/test_composite_chunker.py::TestCompositeChunker::test_strategy_weights FAILED [ 11%]
tests/test_composite_chunker.py::TestCompositeChunker::test_quality_filtering FAILED [ 11%]
tests/test_composite_chunker.py::TestCompositeChunker::test_chunk_candidate PASSED [ 11%]
tests/test_composite_chunker.py::TestCompositeChunker::test_consensus_filter PASSED [ 11%]
tests/test_composite_chunker.py::TestCompositeChunker::test_overlap_merger PASSED [ 11%]
tests/test_composite_chunker.py::TestCompositeChunker::test_strategy_specific_configs FAILED [ 11%]
tests/test_composite_chunker.py::TestCompositeChunker::test_empty_file_handling FAILED [ 11%]
tests/test_composite_config_advanced.py::TestCompositeConfigAdvanced::test_diamond_inheritance PASSED [ 11%]
tests/test_composite_config_advanced.py::TestCompositeConfigAdvanced::test_circular_inheritance_protection PASSED [ 11%]
tests/test_composite_config_advanced.py::TestCompositeConfigAdvanced::test_deep_inheritance_chains PASSED [ 11%]
tests/test_composite_config_advanced.py::TestCompositeConfigAdvanced::test_multiple_inheritance_order PASSED [ 12%]
tests/test_composite_config_advanced.py::TestCompositeConfigAdvanced::test_parent_modification_propagation PASSED [ 12%]
tests/test_config.py::TestConfigLoading::test_load_yaml_config PASSED    [ 12%]
tests/test_config.py::TestConfigLoading::test_load_json_config PASSED    [ 12%]
tests/test_config.py::TestConfigLoading::test_load_toml_config PASSED    [ 12%]
tests/test_config.py::TestConfigLoading::test_empty_yaml_config PASSED   [ 12%]
tests/test_config.py::TestConfigLoading::test_load_nonexistent_file PASSED [ 12%]
tests/test_config.py::TestConfigLoading::test_unsupported_format PASSED  [ 12%]
tests/test_config.py::TestConfigLoading::test_invalid_yaml_syntax PASSED [ 12%]
tests/test_config.py::TestConfigLoading::test_invalid_json_syntax PASSED [ 12%]
tests/test_config.py::TestConfigSaving::test_save_yaml_config PASSED     [ 12%]
tests/test_config.py::TestConfigSaving::test_save_json_config PASSED     [ 12%]
tests/test_config.py::TestConfigSaving::test_save_toml_config PASSED     [ 12%]
tests/test_config.py::TestConfigSaving::test_save_without_path PASSED    [ 12%]
tests/test_config.py::TestConfigSaving::test_save_with_original_path PASSED [ 12%]
tests/test_config.py::TestConfigSaving::test_roundtrip_yaml PASSED       [ 12%]
tests/test_config.py::TestPathResolution::test_resolve_absolute_path PASSED [ 12%]
tests/test_config.py::TestPathResolution::test_resolve_home_path PASSED  [ 12%]
tests/test_config.py::TestPathResolution::test_resolve_relative_path PASSED [ 12%]
tests/test_config.py::TestPathResolution::test_resolve_without_config_path PASSED [ 12%]
tests/test_config.py::TestConfigFinding::test_find_config_in_current_dir PASSED [ 12%]
tests/test_config.py::TestConfigFinding::test_find_config_in_parent_dir PASSED [ 13%]
tests/test_config.py::TestConfigFinding::test_find_config_multiple_formats PASSED [ 13%]
tests/test_config.py::TestConfigFinding::test_find_config_in_home_dir PASSED [ 13%]
tests/test_config.py::TestConfigFinding::test_find_config_not_found PASSED [ 13%]
tests/test_config.py::TestConfigValidation::test_negative_min_chunk_size PASSED [ 13%]
tests/test_config.py::TestConfigValidation::test_invalid_chunk_types PASSED [ 13%]
tests/test_config.py::TestConfigValidation::test_non_iterable_chunk_types PASSED [ 13%]
tests/test_config.py::TestConfigValidation::test_missing_required_fields PASSED [ 13%]
tests/test_config.py::TestConfigMerging::test_get_plugin_config_with_defaults PASSED [ 13%]
tests/test_config.py::TestConfigMerging::test_get_plugin_config_with_override PASSED [ 13%]
tests/test_config.py::TestConfigMerging::test_get_plugin_config_disabled_language PASSED [ 13%]
tests/test_config.py::TestConfigMerging::test_set_plugin_config PASSED   [ 13%]
tests/test_config.py::TestPluginDirectories::test_add_plugin_directory PASSED [ 13%]
tests/test_config.py::TestPluginDirectories::test_remove_plugin_directory PASSED [ 13%]
tests/test_config.py::TestExampleConfig::test_create_example_config PASSED [ 13%]
tests/test_config.py::TestEnvironmentVariables::test_env_var_in_path PASSED [ 13%]
tests/test_config.py::TestComplexScenarios::test_deeply_nested_config PASSED [ 13%]
tests/test_config.py::TestComplexScenarios::test_unicode_in_config PASSED [ 13%]
tests/test_config.py::TestComplexScenarios::test_large_config_file PASSED [ 13%]
tests/test_config_advanced_scenarios.py::TestPerformanceImpactOfConfigLookups::test_config_lookup_overhead_during_parsing PASSED [ 13%]
tests/test_config_advanced_scenarios.py::TestPerformanceImpactOfConfigLookups::test_config_caching_effectiveness PASSED [ 13%]
tests/test_config_advanced_scenarios.py::TestPerformanceImpactOfConfigLookups::test_parallel_parsing_config_contention PASSED [ 14%]
tests/test_config_advanced_scenarios.py::TestConfigHotReloadingDuringChunking::test_hot_reload_during_chunking PASSED [ 14%]
tests/test_config_advanced_scenarios.py::TestConfigHotReloadingDuringChunking::test_config_consistency_during_reload PASSED [ 14%]
tests/test_config_advanced_scenarios.py::TestMemoryUsageWithLargeConfigHierarchies::test_large_config_hierarchy_memory PASSED [ 14%]
tests/test_config_advanced_scenarios.py::TestMemoryUsageWithLargeConfigHierarchies::test_config_inheritance_memory_efficiency PASSED [ 14%]
tests/test_config_advanced_scenarios.py::TestMemoryUsageWithLargeConfigHierarchies::test_weak_reference_config_cleanup PASSED [ 14%]
tests/test_config_advanced_scenarios.py::TestCircularDependencyDetectionEdgeCases::test_simple_circular_dependency PASSED [ 14%]
tests/test_config_advanced_scenarios.py::TestCircularDependencyDetectionEdgeCases::test_complex_inheritance_cycles PASSED [ 14%]
tests/test_config_advanced_scenarios.py::TestCircularDependencyDetectionEdgeCases::test_dynamic_circular_dependencies PASSED [ 14%]
tests/test_config_advanced_scenarios.py::TestCircularDependencyDetectionEdgeCases::test_cycle_detection_performance PASSED [ 14%]
tests/test_config_processor.py::TestConfigProcessor::test_can_handle_by_extension PASSED [ 14%]
tests/test_config_processor.py::TestConfigProcessor::test_can_handle_by_name PASSED [ 14%]
tests/test_config_processor.py::TestConfigProcessor::test_format_detection_ini PASSED [ 14%]
tests/test_config_processor.py::TestConfigProcessor::test_format_detection_json PASSED [ 14%]
tests/test_config_processor.py::TestConfigProcessor::test_format_detection_yaml PASSED [ 14%]
tests/test_config_processor.py::TestConfigProcessor::test_format_detection_toml PASSED [ 14%]
tests/test_config_processor.py::TestConfigProcessor::test_chunk_ini_file PASSED [ 14%]
tests/test_config_processor.py::TestConfigProcessor::test_chunk_ini_with_grouping PASSED [ 14%]
tests/test_config_processor.py::TestConfigProcessor::test_chunk_json_object PASSED [ 14%]
tests/test_config_processor.py::TestConfigProcessor::test_chunk_json_array PASSED [ 14%]
tests/test_config_processor.py::TestConfigProcessor::test_chunk_yaml_file PASSED [ 14%]
tests/test_config_processor.py::TestConfigProcessor::test_chunk_toml_file PASSED [ 15%]
tests/test_config_processor.py::TestConfigProcessor::test_preserve_comments PASSED [ 15%]
tests/test_config_processor.py::TestConfigProcessor::test_handle_malformed_config PASSED [ 15%]
tests/test_config_processor.py::TestConfigProcessor::test_empty_file_handling PASSED [ 15%]
tests/test_config_processor.py::TestConfigProcessor::test_env_file_handling PASSED [ 15%]
tests/test_config_processor.py::TestConfigProcessor::test_get_supported_formats PASSED [ 15%]
tests/test_config_processor.py::TestConfigProcessor::test_get_format_extensions PASSED [ 15%]
tests/test_cpp_language.py::TestCppLanguageFeatures::test_cpp_parser_available SKIPPED [ 15%]
tests/test_cpp_language.py::TestCppLanguageFeatures::test_template_function FAILED [ 15%]
tests/test_cpp_language.py::TestCppLanguageFeatures::test_template_class FAILED [ 15%]
tests/test_cpp_language.py::TestCppLanguageFeatures::test_namespace_handling FAILED [ 15%]
tests/test_cpp_language.py::TestCppLanguageFeatures::test_virtual_functions_and_inheritance FAILED [ 15%]
tests/test_cpp_language.py::TestCppLanguageFeatures::test_operator_overloading FAILED [ 15%]
tests/test_cpp_language.py::TestCppLanguageFeatures::test_stl_usage_patterns FAILED [ 15%]
tests/test_cpp_language.py::TestCppLanguageFeatures::test_constructor_destructor FAILED [ 15%]
tests/test_cpp_language.py::TestCppLanguageFeatures::test_cpp_specific_features FAILED [ 15%]
tests/test_cpp_language.py::TestCppLanguageFeatures::test_nested_classes_and_structs FAILED [ 15%]
tests/test_cross_module_errors.py::TestCrossModuleErrors::test_parser_error_to_cli PASSED [ 15%]
tests/test_cross_module_errors.py::TestCrossModuleErrors::test_plugin_error_to_export PASSED [ 15%]
tests/test_cross_module_errors.py::TestCrossModuleErrors::test_config_error_to_parallel PASSED [ 15%]
tests/test_cross_module_errors.py::TestCrossModuleErrors::test_cascading_failure_scenario PASSED [ 15%]
tests/test_cross_module_errors.py::TestCrossModuleErrors::test_error_context_preservation PASSED [ 16%]
tests/test_cross_module_errors.py::TestCrossModuleErrors::test_user_friendly_formatting PASSED [ 16%]
tests/test_cross_module_errors.py::TestCrossModuleErrors::test_stack_trace_filtering PASSED [ 16%]
tests/test_cross_module_errors.py::TestCrossModuleErrors::test_recovery_suggestion_generation PASSED [ 16%]
tests/test_csharp_language.py::TestCSharpLanguage::test_csharp_basic_chunking FAILED [ 16%]
tests/test_csharp_language.py::TestCSharpLanguage::test_csharp_interfaces_generics FAILED [ 16%]
tests/test_csharp_language.py::TestCSharpLanguage::test_csharp_async_await FAILED [ 16%]
tests/test_csharp_language.py::TestCSharpLanguage::test_csharp_linq_expressions FAILED [ 16%]
tests/test_csharp_language.py::TestCSharpLanguage::test_csharp_modern_features FAILED [ 16%]
tests/test_csharp_language.py::TestCSharpLanguage::test_csharp_attributes_properties FAILED [ 16%]
tests/test_csharp_language.py::TestCSharpLanguage::test_csharp_file_extensions[.cs] PASSED [ 16%]
tests/test_csharp_language.py::TestCSharpLanguage::test_csharp_file_extensions[.csx] PASSED [ 16%]
tests/test_custom_rules.py::TestBaseCustomRule::test_basic_properties PASSED [ 16%]
tests/test_custom_rules.py::TestBaseCustomRule::test_abstract_methods_not_implemented PASSED [ 16%]
tests/test_custom_rules.py::TestBaseRegexRule::test_regex_compilation PASSED [ 16%]
tests/test_custom_rules.py::TestBaseRegexRule::test_find_all_matches PASSED [ 16%]
tests/test_custom_rules.py::TestBaseRegexRule::test_language_detection PASSED [ 16%]
tests/test_custom_rules.py::TestTodoCommentRule::test_todo_pattern_matching PASSED [ 16%]
tests/test_custom_rules.py::TestCopyrightHeaderRule::test_copyright_patterns PASSED [ 16%]
tests/test_custom_rules.py::TestDocstringRule::test_docstring_patterns PASSED [ 16%]
tests/test_custom_rules.py::TestImportBlockRule::test_import_patterns PASSED [ 16%]
tests/test_custom_rules.py::TestCustomMarkerRule::test_default_markers PASSED [ 17%]
tests/test_custom_rules.py::TestCustomMarkerRule::test_custom_markers PASSED [ 17%]
tests/test_custom_rules.py::TestMetadataRule::test_metadata_extraction FAILED [ 17%]
tests/test_custom_rules.py::TestMetadataRule::test_non_root_node FAILED  [ 17%]
tests/test_custom_rules.py::TestRuleEngine::test_add_remove_rules PASSED [ 17%]
tests/test_custom_rules.py::TestRuleEngine::test_priority_ordering PASSED [ 17%]
tests/test_custom_rules.py::TestRuleEngine::test_apply_rules_to_python FAILED [ 17%]
tests/test_custom_rules.py::TestRuleEngine::test_apply_regex_rules_only PASSED [ 17%]
tests/test_custom_rules.py::TestRuleEngine::test_merge_with_tree_sitter PASSED [ 17%]
tests/test_custom_rules.py::TestRuleEngine::test_overlap_handling PASSED [ 17%]
tests/test_custom_rules.py::TestBuiltinRules::test_get_builtin_rules PASSED [ 17%]
tests/test_custom_rules.py::TestBuiltinRules::test_section_header_rule PASSED [ 17%]
tests/test_custom_rules.py::TestBuiltinRules::test_config_block_rule PASSED [ 17%]
tests/test_custom_rules.py::TestBuiltinRules::test_debug_statement_rule PASSED [ 17%]
tests/test_custom_rules.py::TestBuiltinRules::test_test_annotation_rule PASSED [ 17%]
tests/test_custom_rules.py::TestLanguageSpecificCommentRule::test_language_detection FAILED [ 17%]
tests/test_custom_rules.py::TestLanguageSpecificCommentRule::test_comment_markers PASSED [ 17%]
tests/test_custom_rules.py::TestRegexRules::test_region_marker_rule PASSED [ 17%]
tests/test_custom_rules.py::TestRegexRules::test_custom_region_markers PASSED [ 17%]
tests/test_custom_rules.py::TestRegexRules::test_pattern_boundary_rule_extract_match PASSED [ 17%]
tests/test_custom_rules.py::TestRegexRules::test_pattern_boundary_rule_between_matches PASSED [ 17%]
tests/test_custom_rules.py::TestRegexRules::test_annotation_rule PASSED  [ 18%]
tests/test_custom_rules.py::TestRegexRules::test_folding_marker_rule PASSED [ 18%]
tests/test_custom_rules.py::TestRegexRules::test_separator_line_rule PASSED [ 18%]
tests/test_custom_rules.py::TestRegexRules::test_create_custom_regex_rule PASSED [ 18%]
tests/test_custom_rules.py::TestCommentRules::test_todo_block_rule FAILED [ 18%]
tests/test_custom_rules.py::TestCommentRules::test_documentation_block_rule FAILED [ 18%]
tests/test_custom_rules.py::TestCommentRules::test_header_comment_rule FAILED [ 18%]
tests/test_custom_rules.py::TestCommentRules::test_inline_comment_group_rule FAILED [ 18%]
tests/test_custom_rules.py::TestCommentRules::test_structured_comment_rule FAILED [ 18%]
tests/test_custom_rules.py::TestCommentRules::test_comment_rule_chain PASSED [ 18%]
tests/test_custom_rules.py::TestRuleComposition::test_multiple_rule_types FAILED [ 18%]
tests/test_custom_rules.py::TestRuleComposition::test_overlapping_rules FAILED [ 18%]
tests/test_custom_rules.py::TestRuleComposition::test_rule_priority_execution PASSED [ 18%]
tests/test_dart_language.py::TestDartBasicChunking::test_simple_functions FAILED [ 18%]
tests/test_dart_language.py::TestDartBasicChunking::test_classes_and_methods FAILED [ 18%]
tests/test_dart_language.py::TestDartBasicChunking::test_flutter_widgets FAILED [ 18%]
tests/test_dart_language.py::TestDartBasicChunking::test_extensions_and_enums FAILED [ 18%]
tests/test_dart_language.py::TestDartContractCompliance::test_implements_contract PASSED [ 18%]
tests/test_dart_language.py::TestDartContractCompliance::test_get_semantic_chunks PASSED [ 18%]
tests/test_dart_language.py::TestDartContractCompliance::test_get_chunk_node_types PASSED [ 18%]
tests/test_dart_language.py::TestDartContractCompliance::test_should_chunk_node PASSED [ 18%]
tests/test_dart_language.py::TestDartContractCompliance::test_get_node_context PASSED [ 19%]
tests/test_dart_language.py::TestDartEdgeCases::test_empty_file FAILED   [ 19%]
tests/test_dart_language.py::TestDartEdgeCases::test_comments_only FAILED [ 19%]
tests/test_dart_language.py::TestDartEdgeCases::test_async_patterns FAILED [ 19%]
tests/test_dart_language.py::TestDartEdgeCases::test_null_safety FAILED  [ 19%]
tests/test_dart_language.py::TestDartEdgeCases::test_typedef_and_generics FAILED [ 19%]
tests/test_debug_contract_impl.py::TestDebugVisualizationImpl::test_visualize_ast_text_format FAILED [ 19%]
tests/test_debug_contract_impl.py::TestDebugVisualizationImpl::test_visualize_ast_json_format FAILED [ 19%]
tests/test_debug_contract_impl.py::TestDebugVisualizationImpl::test_visualize_ast_dot_format FAILED [ 19%]
tests/test_debug_contract_impl.py::TestDebugVisualizationImpl::test_visualize_ast_svg_format FAILED [ 19%]
tests/test_debug_contract_impl.py::TestDebugVisualizationImpl::test_inspect_chunk FAILED [ 19%]
tests/test_debug_contract_impl.py::TestDebugVisualizationImpl::test_profile_chunking FAILED [ 19%]
tests/test_debug_contract_impl.py::TestDebugVisualizationImpl::test_debug_mode_chunking FAILED [ 19%]
tests/test_debug_contract_impl.py::TestChunkComparisonImpl::test_compare_strategies_basic FAILED [ 19%]
tests/test_debug_contract_impl.py::TestChunkComparisonImpl::test_compare_strategies_with_metrics FAILED [ 19%]
tests/test_debug_contract_impl.py::TestChunkComparisonImpl::test_compare_strategies_invalid_strategy PASSED [ 19%]
tests/test_debug_contract_impl.py::TestChunkComparisonImpl::test_compare_strategies_file_not_found PASSED [ 19%]
tests/test_debug_tools.py::TestASTVisualizer::test_ast_visualizer_creation FAILED [ 19%]
tests/test_debug_tools.py::TestASTVisualizer::test_tree_visualization FAILED [ 19%]
tests/test_debug_tools.py::TestASTVisualizer::test_json_visualization FAILED [ 19%]
tests/test_debug_tools.py::TestASTVisualizer::test_highlight_nodes FAILED [ 19%]
tests/test_debug_tools.py::TestQueryDebugger::test_query_debugger_creation FAILED [ 20%]
tests/test_debug_tools.py::TestQueryDebugger::test_simple_query FAILED   [ 20%]
tests/test_debug_tools.py::TestQueryDebugger::test_query_with_captures FAILED [ 20%]
tests/test_debug_tools.py::TestQueryDebugger::test_invalid_query FAILED  [ 20%]
tests/test_debug_tools.py::TestQueryDebugger::test_query_cache FAILED    [ 20%]
tests/test_debug_tools.py::TestChunkDebugger::test_chunk_debugger_creation FAILED [ 20%]
tests/test_debug_tools.py::TestChunkDebugger::test_chunk_analysis FAILED [ 20%]
tests/test_debug_tools.py::TestChunkDebugger::test_size_checking FAILED  [ 20%]
tests/test_debug_tools.py::TestVisualizationFunctions::test_print_ast_tree FAILED [ 20%]
tests/test_debug_tools.py::TestVisualizationFunctions::test_highlight_chunk_boundaries FAILED [ 20%]
tests/test_debug_tools.py::TestVisualizationFunctions::test_render_ast_graph FAILED [ 20%]
tests/test_debug_tools.py::TestNodeExplorer::test_node_explorer_creation FAILED [ 20%]
tests/test_debug_tools.py::TestNodeExplorer::test_node_info FAILED       [ 20%]
tests/test_debug_tools.py::TestDebugREPL::test_repl_creation PASSED      [ 20%]
tests/test_debug_tools.py::TestDebugREPL::test_set_language FAILED       [ 20%]
tests/test_debug_tools.py::TestDebugREPL::test_set_code PASSED           [ 20%]
tests/test_debug_tools_integration.py::TestDebugToolsIntegration::test_visualize_ast_produces_valid_output FAILED [ 20%]
tests/test_debug_tools_integration.py::TestDebugToolsIntegration::test_chunk_inspection_includes_all_metadata FAILED [ 20%]
tests/test_debug_tools_integration.py::TestDebugToolsIntegration::test_profiling_provides_performance_metrics FAILED [ 20%]
tests/test_debug_tools_integration.py::TestDebugToolsIntegration::test_debug_mode_chunking_provides_trace FAILED [ 20%]
tests/test_debug_tools_integration.py::TestDebugToolsIntegration::test_compare_strategies_shows_differences FAILED [ 20%]
tests/test_debug_tools_integration.py::TestDebugToolsIntegration::test_error_handling FAILED [ 21%]
tests/test_developer_tooling.py::TestDeveloperToolingImpl::test_initialization PASSED [ 21%]
tests/test_developer_tooling.py::TestDeveloperToolingImpl::test_find_project_root PASSED [ 21%]
tests/test_developer_tooling.py::TestDeveloperToolingImpl::test_run_pre_commit_checks_no_files PASSED [ 21%]
tests/test_developer_tooling.py::TestDeveloperToolingImpl::test_run_pre_commit_checks_non_python_files PASSED [ 21%]
tests/test_developer_tooling.py::TestDeveloperToolingImpl::test_format_code_empty_list PASSED [ 21%]
tests/test_developer_tooling.py::TestDeveloperToolingImpl::test_format_code_non_existent_files PASSED [ 21%]
tests/test_developer_tooling.py::TestDeveloperToolingImpl::test_run_linting_empty_list PASSED [ 21%]
tests/test_developer_tooling.py::TestDeveloperToolingImpl::test_run_type_checking_empty_list PASSED [ 21%]
tests/test_developer_tooling.py::TestDeveloperToolingImpl::test_format_code_with_valid_file[True] PASSED [ 21%]
tests/test_developer_tooling.py::TestDeveloperToolingImpl::test_format_code_with_valid_file[False] PASSED [ 21%]
tests/test_developer_tooling.py::TestDeveloperToolingImpl::test_run_linting_with_valid_file PASSED [ 21%]
tests/test_developer_tooling.py::TestDeveloperToolingImpl::test_run_type_checking_with_valid_file PASSED [ 21%]
tests/test_developer_tooling.py::TestDeveloperToolingImpl::test_run_pre_commit_checks_integration PASSED [ 21%]
tests/test_developer_tooling.py::TestDeveloperToolingImpl::test_format_code_handles_subprocess_error PASSED [ 21%]
tests/test_developer_tooling.py::TestDeveloperToolingImpl::test_run_linting_handles_subprocess_error PASSED [ 21%]
tests/test_developer_tooling.py::TestDeveloperToolingImpl::test_run_type_checking_handles_subprocess_error PASSED [ 21%]
tests/test_devenv_integration.py::TestDevEnvironmentIntegration::test_pre_commit_hooks_setup PASSED [ 21%]
tests/test_devenv_integration.py::TestDevEnvironmentIntegration::test_linting_detects_issues PASSED [ 21%]
tests/test_devenv_integration.py::TestDevEnvironmentIntegration::test_formatting_fixes_code PASSED [ 21%]
tests/test_devenv_integration.py::TestDevEnvironmentIntegration::test_ci_config_generation PASSED [ 21%]
tests/test_devenv_integration.py::TestQualityAssuranceIntegration::test_type_coverage_check PASSED [ 22%]
tests/test_devenv_integration.py::TestQualityAssuranceIntegration::test_test_coverage_check PASSED [ 22%]
tests/test_distribution_adapter.py::TestDistributionAdapter::test_pypi_publishing_validates_package PASSED [ 22%]
tests/test_distribution_adapter.py::TestDistributionAdapter::test_docker_image_validation PASSED [ 22%]
tests/test_distribution_adapter.py::TestDistributionAdapter::test_homebrew_formula_generation PASSED [ 22%]
tests/test_distribution_adapter.py::TestDistributionAdapter::test_release_preparation PASSED [ 22%]
tests/test_distribution_adapter.py::TestDistributionAdapter::test_verification_routing PASSED [ 22%]
tests/test_distribution_impl.py::TestDistributionImpl::test_publish_to_pypi_missing_directory PASSED [ 22%]
tests/test_distribution_impl.py::TestDistributionImpl::test_publish_to_pypi_no_files PASSED [ 22%]
tests/test_distribution_impl.py::TestDistributionImpl::test_publish_to_pypi_dry_run PASSED [ 22%]
tests/test_distribution_impl.py::TestDistributionImpl::test_build_docker_image_success PASSED [ 22%]
tests/test_distribution_impl.py::TestDistributionImpl::test_build_docker_image_no_docker PASSED [ 22%]
tests/test_distribution_impl.py::TestDistributionImpl::test_create_homebrew_formula PASSED [ 22%]
tests/test_distribution_impl.py::TestDistributionImpl::test_verify_installation_pip PASSED [ 22%]
tests/test_distribution_impl.py::TestDistributionImpl::test_verify_installation_docker PASSED [ 22%]
tests/test_distribution_impl.py::TestReleaseManagementImpl::test_prepare_release_invalid_version PASSED [ 22%]
tests/test_distribution_impl.py::TestReleaseManagementImpl::test_prepare_release_success PASSED [ 22%]
tests/test_distribution_impl.py::TestReleaseManagementImpl::test_create_release_artifacts PASSED [ 22%]
tests/test_distribution_impl.py::TestReleaseManagementImpl::test_version_comparison PASSED [ 22%]
tests/test_dockerfile_language.py::TestDockerfileBasicChunking::test_simple_dockerfile FAILED [ 22%]
tests/test_dockerfile_language.py::TestDockerfileBasicChunking::test_multi_line_run_instruction FAILED [ 23%]
tests/test_dockerfile_language.py::TestDockerfileBasicChunking::test_dockerfile_with_comments FAILED [ 23%]
tests/test_dockerfile_language.py::TestDockerfileBasicChunking::test_dockerfile_with_args_and_env FAILED [ 23%]
tests/test_dockerfile_language.py::TestDockerfileBasicChunking::test_dockerfile_with_healthcheck FAILED [ 23%]
tests/test_dockerfile_language.py::TestDockerfileContractCompliance::test_implements_contract PASSED [ 23%]
tests/test_dockerfile_language.py::TestDockerfileContractCompliance::test_get_semantic_chunks FAILED [ 23%]
tests/test_dockerfile_language.py::TestDockerfileContractCompliance::test_get_chunk_node_types PASSED [ 23%]
tests/test_dockerfile_language.py::TestDockerfileContractCompliance::test_should_chunk_node PASSED [ 23%]
tests/test_dockerfile_language.py::TestDockerfileContractCompliance::test_get_node_context PASSED [ 23%]
tests/test_dockerfile_language.py::TestDockerfileEdgeCases::test_empty_dockerfile FAILED [ 23%]
tests/test_dockerfile_language.py::TestDockerfileEdgeCases::test_dockerfile_with_only_comments FAILED [ 23%]
tests/test_dockerfile_language.py::TestDockerfileEdgeCases::test_dockerfile_with_escape_characters FAILED [ 23%]
tests/test_dockerfile_language.py::TestDockerfileEdgeCases::test_multistage_dockerfile FAILED [ 23%]
tests/test_edge_cases.py::TestFileSystemEdgeCases::test_empty_file_handling FAILED [ 23%]
tests/test_edge_cases.py::TestFileSystemEdgeCases::test_file_with_only_whitespace FAILED [ 23%]
tests/test_edge_cases.py::TestFileSystemEdgeCases::test_file_with_only_comments FAILED [ 23%]
tests/test_edge_cases.py::TestFileSystemEdgeCases::test_very_long_filename FAILED [ 23%]
tests/test_edge_cases.py::TestFileSystemEdgeCases::test_special_characters_in_filename FAILED [ 23%]
tests/test_edge_cases.py::TestFileSystemEdgeCases::test_symlink_handling FAILED [ 23%]
tests/test_edge_cases.py::TestFileSystemEdgeCases::test_permission_denied_file PASSED [ 23%]
tests/test_edge_cases.py::TestCodeContentEdgeCases::test_invalid_encoding FAILED [ 23%]
tests/test_edge_cases.py::TestCodeContentEdgeCases::test_mixed_line_endings FAILED [ 24%]
tests/test_edge_cases.py::TestCodeContentEdgeCases::test_no_newline_at_eof FAILED [ 24%]
tests/test_edge_cases.py::TestCodeContentEdgeCases::test_extremely_long_lines FAILED [ 24%]
tests/test_edge_cases.py::TestCodeContentEdgeCases::test_deeply_nested_structures FAILED [ 24%]
tests/test_edge_cases.py::TestCodeContentEdgeCases::test_malformed_syntax FAILED [ 24%]
tests/test_edge_cases.py::TestCodeContentEdgeCases::test_unicode_identifiers FAILED [ 24%]
tests/test_edge_cases.py::TestLanguageEdgeCases::test_unsupported_language PASSED [ 24%]
tests/test_edge_cases.py::TestLanguageEdgeCases::test_ambiguous_file_extension FAILED [ 24%]
tests/test_edge_cases.py::TestLanguageEdgeCases::test_language_specific_edge_cases FAILED [ 24%]
tests/test_edge_cases.py::TestConfigurationEdgeCases::test_invalid_config_values PASSED [ 24%]
tests/test_edge_cases.py::TestConfigurationEdgeCases::test_circular_config_includes PASSED [ 24%]
tests/test_edge_cases.py::TestConfigurationEdgeCases::test_missing_config_file_reference PASSED [ 24%]
tests/test_edge_cases.py::TestMemoryEdgeCases::test_extremely_large_chunk FAILED [ 24%]
tests/test_edge_cases.py::TestMemoryEdgeCases::test_many_small_chunks FAILED [ 24%]
tests/test_edge_cases.py::TestConcurrencyEdgeCases::test_race_condition_file_modification FAILED [ 24%]
tests/test_edge_cases.py::TestConcurrencyEdgeCases::test_file_deletion_during_batch FAILED [ 24%]
tests/test_edge_cases.py::TestExportEdgeCases::test_export_with_invalid_json_characters FAILED [ 24%]
tests/test_edge_cases.py::TestExportEdgeCases::test_export_empty_chunks_list PASSED [ 24%]
tests/test_edge_cases.py::TestExportEdgeCases::test_export_with_null_values PASSED [ 24%]
tests/test_edge_cases.py::TestSystemIntegrationEdgeCases::test_extremely_long_command_line FAILED [ 24%]
tests/test_edge_cases.py::TestSystemIntegrationEdgeCases::test_mixed_path_separators 